     1                                  %ifndef _PRINTSTRINGASM_
     2                                  %define _PRINTSTRINGASM_
     3                                  
     4                                  extern printf
     5                                  import printf msvcrt.dll
     6                                  
     7                                  print_string:
     8 00000000 66678B7C2404                mov edi, [esp + 4]  ;format int
     9 00000006 6683C404                    add esp, 4 * 1
    10                                      
    11 0000000A 66678B4C2404                mov ecx, [esp + 4]  ;the lenght of the string
    12 00000010 6683C404                    add esp, 4 * 1
    13                                      
    14 00000014 66678B742404                mov esi, [esp + 4]  ;the offset of the string
    15 0000001A 66B800000000                mov eax, 0
    16 00000020 67E31C                      jecxz end_loop
    17                                      start_loop:
    18 00000023 66BB00000000                    mov ebx, 0
    19 00000029 678A1C06                        mov bl, [esi + eax]
    20 0000002D 6640                            inc eax
    21 0000002F 6683EB30                        sub ebx, '0'
    22                                          
    23 00000033 60                              pusha
    24 00000034 6653                            push dword ebx
    25 00000036 6657                            push dword edi
    26 00000038 FF16[0000]                      call [printf]
    27 0000003C 61                              popa
    28                                      
    29 0000003D E2E4                        loop start_loop
    30                                      
    31                                      end_loop:
    32 0000003F C20C00                      ret 4 * 3
    33                                  %endif
