     1                                  global start 
     2                                  
     3                                  bits 32
     4                                  
     5                                  extern fread, fopen, fclose, printf, exit
     6                                  import fread msvcrt.dll
     7                                  import fopen msvcrt.dll
     8                                  import fclose msvcrt.dll
     9                                  import printf msvcrt.dll
    10                                  import exit msvcrt.dll
    11                                  
    12                                  ;A text file is given. Read the content of the file, count the number of letters 'y' and 'z' and
    13                                  ; display the values on the screen. The file name is defined in the data segment.
    14                                  
    15                                  segment data use32 class = data
    16                                  
    17 00000000 666973322E74787400          file_name db "fis2.txt", 0
    18 00000009 7200                        read_mode db "r", 0
    19 0000000B FFFFFFFF                    fd dd -1
    20 0000000F 00<rept>                    sir times 50 db 0
    21 00000041 28000000                    len dd 40
    22 00000045 6E756D6172756C2064-         format_int_y db "numarul de y= %d ", 0
    22 0000004E 6520793D2025642000 
    23 00000057 6E756D6172756C2064-         format_int_z db "numarul de z= %d ", 0
    23 00000060 65207A3D2025642000 
    24 00000069 257300                      format_str db "%s", 0
    25 0000006C 0A                          new_line db 10
    26                                      
    27                                  segment code use32 class = code
    28                                  
    29                                      start:
    30                                      
    31 00000000 68[09000000]                push dword read_mode
    32 00000005 68[00000000]                push dword file_name
    33 0000000A FF15[00000000]              call [fopen]
    34 00000010 83C408                      add esp, 4 * 2
    35                                      
    36 00000013 83F800                      cmp eax, 0
    37 00000016 0F848F000000                je eroare
    38 0000001C A3[0B000000]                mov [fd], eax
    39                                      
    40                                      ;read the string from the file
    41 00000021 FF35[0B000000]              push dword [fd]
    42 00000027 FF35[41000000]              push dword [len]
    43 0000002D 6A01                        push dword 1
    44 0000002F 68[0F000000]                push dword sir
    45 00000034 FF15[00000000]              call [fread]
    46 0000003A 83C410                      add esp, 4 * 4
    47                                      
    48                                      ;check if i read the correct string
    49                                      ;push dword sir
    50                                      ;push dword format_str
    51                                      ;call [printf]
    52                                      ;add esp, 4 * 2
    53                                      
    54                                      ;eax hsve the lenght of the file
    55 0000003D BE[0F000000]                mov esi, sir
    56 00000042 66BA0000                    mov dx, word 0  ;dl - number of y, dh - number of z
    57                                      repeta:
    58 00000046 AC                              lodsb   ;al it s the actual letter from esi, esi++
    59                                          
    60 00000047 3C00                            cmp al, 0
    61 00000049 7410                            je end_repeta
    62                                          
    63 0000004B 3C7A                            cmp al, byte 'z'
    64 0000004D 7503                            jne not_good
    65                                          
    66 0000004F 80C601                          add dh, byte 1
    67                                          not_good:
    68                                          
    69 00000052 3C79                            cmp al, byte 'y'
    70 00000054 7503                            jne not_good1
    71                                          
    72 00000056 80C201                          add dl, byte 1
    73                                          
    74                                          not_good1:
    75 00000059 EBEB                            jmp repeta
    76                                          
    77                                      end_repeta:
    78                                      
    79 0000005B B800000000                  mov eax, 0
    80 00000060 88D0                        mov al, dl
    81 00000062 52                          push edx
    82                                      
    83                                      
    84 00000063 50                          push dword eax
    85 00000064 68[45000000]                push dword format_int_y
    86 00000069 FF15[00000000]              call [printf]
    87 0000006F 83C408                      add esp, 4 * 2
    88                                      
    89 00000072 68[6C000000]                push dword new_line
    90 00000077 68[69000000]                push dword format_str
    91 0000007C FF15[00000000]              call [printf]
    92 00000082 83C408                      add esp, 4 * 2
    93                                      
    94 00000085 5A                          pop edx
    95                                      
    96 00000086 B800000000                  mov eax, 0
    97 0000008B 88F0                        mov al, dh
    98 0000008D 50                          push dword eax
    99 0000008E 68[57000000]                push dword format_int_z
   100 00000093 FF15[00000000]              call [printf]
   101 00000099 83C408                      add esp, 4 * 2
   102                                      
   103 0000009C FF35[0B000000]              push dword [fd]
   104 000000A2 FF15[00000000]              call [fclose]
   105 000000A8 83C404                      add esp, 4
   106                                      
   107                                      eroare:
   108                                      
   109                                      
   110 000000AB 6A00                        push dword 0
   111 000000AD FF15[00000000]              call [exit]
