     1                                  bits 32
     2                                  global start
     3                                  
     4                                  extern exit, fread, fopen, fclose, fwrite, perror
     5                                  import fopen msvcrt.dll
     6                                  import exit msvcrt.dll
     7                                  import fread msvcrt.dll
     8                                  import fclose msvcrt.dll
     9                                  import fwrite msvcrt.dll
    10                                  import perror msvcrt.dll
    11                                  
    12                                  
    13                                  segment data use32 class = data
    14                                  
    15                                  ;read from a file and display the caracter + 1 in another file
    16                                  
    17 00000000 66696C652E74787400          file_in db "file.txt", 0
    18 00000009 66696C655F6F75742E-         file_out db "file_out.txt", 0
    18 00000012 74787400           
    19 00000016 7200                        in_mode db "r", 0
    20 00000018 7700                        out_mode db "w", 0
    21 0000001A FFFFFFFF                    fd_in dd -1
    22 0000001E FFFFFFFF                    fd_out dd -1
    23 00000022 00                          c db 0
    24 00000023 45726F61726500              eroare db "Eroare", 0
    25                                  
    26                                  segment code use32 class = code
    27                                  
    28                                      start:
    29                                      
    30                                      ;deschid fisierul
    31 00000000 68[16000000]                push dword in_mode
    32 00000005 68[00000000]                push dword file_in
    33 0000000A FF15[00000000]              call [fopen]
    34 00000010 83C408                      add esp, 4 * 2
    35                                      
    36 00000013 83F800                      cmp eax, 0
    37 00000016 747D                        je error1
    38 00000018 A3[1A000000]                mov [fd_in], eax
    39                                      
    40 0000001D 68[18000000]                push dword out_mode
    41 00000022 68[09000000]                push dword file_out
    42 00000027 FF15[00000000]              call [fopen]
    43 0000002D 83C408                      add esp, 4 * 2
    44                                      
    45 00000030 83F800                      cmp eax, 0
    46 00000033 7452                        je error2
    47                                      
    48 00000035 A3[1E000000]                mov [fd_out], eax
    49                                      repeta:
    50 0000003A FF35[1A000000]                  push dword [fd_in]
    51 00000040 6A01                            push dword 1    ;size of char
    52 00000042 6A01                            push dword 1    ;numarul de caractere
    53 00000044 68[22000000]                    push dword c
    54 00000049 FF15[00000000]                  call [fread]
    55 0000004F 83C410                          add esp, 4 * 4
    56                                          
    57 00000052 83F800                          cmp eax, 0
    58 00000055 7421                            je repeta_end
    59                                          
    60 00000057 8005[22000000]01                add byte [c], 1
    61                                          
    62 0000005E FF35[1E000000]                  push dword [fd_out]
    63 00000064 6A01                            push dword 1
    64 00000066 6A01                            push dword 1
    65 00000068 68[22000000]                    push dword c
    66 0000006D FF15[00000000]                  call [fwrite]
    67 00000073 83C410                          add esp, 4 * 4
    68                                          
    69 00000076 EBC2                            jmp repeta
    70                                          
    71                                          
    72                                      repeta_end:
    73                                      
    74 00000078 FF35[1E000000]              push dword [fd_out]
    75 0000007E FF15[00000000]              call [fclose]
    76 00000084 83C404                      add esp, 4 * 1
    77                                      
    78                                      error2:
    79 00000087 68[23000000]                push dword eroare
    80 0000008C FF15[00000000]              call [perror]
    81 00000092 83C404                      add esp, 4 * 1
    82                                      
    83                                      error1:
    84 00000095 68[23000000]                push dword eroare
    85 0000009A FF15[00000000]              call [perror]
    86 000000A0 83C404                      add esp, 4 * 1
    87                                      
    88 000000A3 6A00                        push dword 0
    89 000000A5 FF15[00000000]              call [exit]
