     1                                  global start
     2                                  bits 32
     3                                  
     4                                  extern exit, printf
     5                                  import exit msvcrt.dll
     6                                  import printf msvcrt.dll
     7                                  extern sum
     8                                  segment data use32 class = data
     9 00000000 0D000000                    a dd 13
    10 00000004 0E000000                    b dd 14
    11 00000008 202564202B20256420-         format db " %d + %d = %d", 13, 10, 0
    11 00000011 3D2025640D0A00     
    12                                  
    13                                  segment code use32 class = code public
    14                                  
    15                                      start:
    16                                          ;sum(a, b) - return a + b in eax
    17                                          ;push parameterson the stack in reverse order
    18                                          ;free memory in the procedure
    19 00000000 FF35[04000000]                  push dword [b]
    20 00000006 FF35[00000000]                  push dword [a]
    21 0000000C E8(00000000)                    call sum
    22                                          ;in eax we'll have the sum
    23                                          
    24                                          ;printf(%d + %d = %d, a, b, eax)
    25 00000011 50                              push eax
    26 00000012 BB00000000                      mov ebx, 0
    27 00000017 8A1D[00000000]                  mov bl, [a]
    28 0000001D B900000000                      mov ecx, 0
    29 00000022 8A0D[04000000]                  mov cl, [b]
    30 00000028 53                              push dword ebx
    31 00000029 51                              push dword ecx
    32 0000002A 68[08000000]                    push format
    33 0000002F FF15[00000000]                  call [printf]
    34 00000035 83C410                          add esp, 4 * 4
    35                                      
    36                                      
    37 00000038 6A00                        push dword 0
    38 0000003A FF15[00000000]              call [exit]
    39                                      
