     1                                  global start
     2                                  bits 32
     3                                  
     4                                  extern exit, printf
     5                                  import exit msvcrt.dll
     6                                  import printf msvcrt.dll
     7                                  extern append
     8                                  
     9                                  segment data use32 class = data
    10 00000000 4861707079                  s1 db "Happy"
    11                                      l1 equ $ - s1
    12 00000005 4E6577207965617221          s2 db "New year!"
    13                                      l2 equ $ - s2
    14 0000000E 00<rept>                    result times l1 + l2 db 0
    15 0000001C 00                          zero db 0
    16                                      
    17                                  segment code use32 class = code public
    18                                      start:
    19                                          ;append(s1, l1, s2, l2, result)
    20                                          ;       (i, i,   i, i,    o)
    21                                          ;free memory in main
    22                                          
    23 00000000 68[0E000000]                    push result
    24 00000005 6A09                            push dword l2
    25 00000007 68[05000000]                    push s2
    26 0000000C 6A05                            push dword l1
    27 0000000E 68[00000000]                    push s1
    28 00000013 E8(00000000)                    call append
    29 00000018 83C414                          add esp, 4 * 5
    30                                          
    31                                          ;printf(result)
    32 0000001B 68[0E000000]                    push result
    33 00000020 FF15[00000000]                  call [printf]
    34 00000026 83C404                          add esp, 4
    35                                      
    36 00000029 6A00                        push dword 0
    37 0000002B FF15[00000000]              call [exit]
    38                                      
